# JRE version: Java(TM) SE Runtime Environment (8.0_101-b13) (build 1.8.0_101-b13)
# Java VM: Java HotSpot(TM) 64-Bit Server VM (25.101-b13 mixed mode bsd-amd64 compressed oops)
Heap:
 PSYoungGen      total 38400K, used 32483K [0x0000000795580000, 0x0000000798000000, 0x00000007c0000000)
  eden space 33280K, 82% used [0x0000000795580000,0x000000079703cc28,0x0000000797600000)
  from space 5120K, 99% used [0x0000000797600000,0x0000000797afc100,0x0000000797b00000)
  to   space 5120K, 0% used [0x0000000797b00000,0x0000000797b00000,0x0000000798000000)
 ParOldGen       total 53760K, used 30262K [0x0000000740000000, 0x0000000743480000, 0x0000000795580000)
  object space 53760K, 56% used [0x0000000740000000,0x0000000741d8dae8,0x0000000743480000)
 Metaspace       used 24990K, capacity 26042K, committed 26112K, reserved 1071104K
  class space    used 3534K, capacity 3810K, committed 3840K, reserved 1048576K
GC Heap History (8 events):
Event: 1.534 GC heap before
{Heap before GC invocations=1 (full 0):
 PSYoungGen      total 38400K, used 33280K [0x0000000795580000, 0x0000000798000000, 0x00000007c0000000)
  eden space 33280K, 100% used [0x0000000795580000,0x0000000797600000,0x0000000797600000)
  from space 5120K, 0% used [0x0000000797b00000,0x0000000797b00000,0x0000000798000000)
  to   space 5120K, 0% used [0x0000000797600000,0x0000000797600000,0x0000000797b00000)
 ParOldGen       total 87552K, used 0K [0x0000000740000000, 0x0000000745580000, 0x0000000795580000)
  object space 87552K, 0% used [0x0000000740000000,0x0000000740000000,0x0000000745580000)
 Metaspace       used 18848K, capacity 19514K, committed 19712K, reserved 1067008K
  class space    used 2553K, capacity 2730K, committed 2816K, reserved 1048576K
Event: 1.541 GC heap after
Heap after GC invocations=1 (full 0):
 PSYoungGen      total 38400K, used 5105K [0x0000000795580000, 0x0000000798000000, 0x00000007c0000000)
  eden space 33280K, 0% used [0x0000000795580000,0x0000000795580000,0x0000000797600000)
  from space 5120K, 99% used [0x0000000797600000,0x0000000797afc498,0x0000000797b00000)
  to   space 5120K, 0% used [0x0000000797b00000,0x0000000797b00000,0x0000000798000000)
 ParOldGen       total 87552K, used 148K [0x0000000740000000, 0x0000000745580000, 0x0000000795580000)
  object space 87552K, 0% used [0x0000000740000000,0x00000007400253f0,0x0000000745580000)
 Metaspace       used 18848K, capacity 19514K, committed 19712K, reserved 1067008K
  class space    used 2553K, capacity 2730K, committed 2816K, reserved 1048576K
}
Event: 85.058 GC heap before
{Heap before GC invocations=2 (full 0):
 PSYoungGen      total 38400K, used 15625K [0x0000000795580000, 0x0000000798000000, 0x00000007c0000000)
  eden space 33280K, 31% used [0x0000000795580000,0x0000000795fc61f0,0x0000000797600000)
  from space 5120K, 99% used [0x0000000797600000,0x0000000797afc498,0x0000000797b00000)
  to   space 5120K, 0% used [0x0000000797b00000,0x0000000797b00000,0x0000000798000000)
 ParOldGen       total 87552K, used 148K [0x0000000740000000, 0x0000000745580000, 0x0000000795580000)
  object space 87552K, 0% used [0x0000000740000000,0x00000007400253f0,0x0000000745580000)
 Metaspace       used 20474K, capacity 21160K, committed 21248K, reserved 1067008K
  class space    used 2809K, capacity 3009K, committed 3072K, reserved 1048576K
Event: 85.068 GC heap after
Heap after GC invocations=2 (full 0):
 PSYoungGen      total 38400K, used 5100K [0x0000000795580000, 0x0000000798000000, 0x00000007c0000000)
  eden space 33280K, 0% used [0x0000000795580000,0x0000000795580000,0x0000000797600000)
  from space 5120K, 99% used [0x0000000797b00000,0x0000000797ffb050,0x0000000798000000)
  to   space 5120K, 0% used [0x0000000797600000,0x0000000797600000,0x0000000797b00000)
 ParOldGen       total 87552K, used 7832K [0x0000000740000000, 0x0000000745580000, 0x0000000795580000)
  object space 87552K, 8% used [0x0000000740000000,0x00000007407a6240,0x0000000745580000)
 Metaspace       used 20474K, capacity 21160K, committed 21248K, reserved 1067008K
  class space    used 2809K, capacity 3009K, committed 3072K, reserved 1048576K
}
Event: 85.068 GC heap before
{Heap before GC invocations=3 (full 1):
 PSYoungGen      total 38400K, used 5100K [0x0000000795580000, 0x0000000798000000, 0x00000007c0000000)
  eden space 33280K, 0% used [0x0000000795580000,0x0000000795580000,0x0000000797600000)
  from space 5120K, 99% used [0x0000000797b00000,0x0000000797ffb050,0x0000000798000000)
  to   space 5120K, 0% used [0x0000000797600000,0x0000000797600000,0x0000000797b00000)
 ParOldGen       total 87552K, used 7832K [0x0000000740000000, 0x0000000745580000, 0x0000000795580000)
  object space 87552K, 8% used [0x0000000740000000,0x00000007407a6240,0x0000000745580000)
 Metaspace       used 20474K, capacity 21160K, committed 21248K, reserved 1067008K
  class space    used 2809K, capacity 3009K, committed 3072K, reserved 1048576K
Event: 85.090 GC heap after
Heap after GC invocations=3 (full 1):
 PSYoungGen      total 38400K, used 0K [0x0000000795580000, 0x0000000798000000, 0x00000007c0000000)
  eden space 33280K, 0% used [0x0000000795580000,0x0000000795580000,0x0000000797600000)
  from space 5120K, 0% used [0x0000000797b00000,0x0000000797b00000,0x0000000798000000)
  to   space 5120K, 0% used [0x0000000797600000,0x0000000797600000,0x0000000797b00000)
 ParOldGen       total 53760K, used 10867K [0x0000000740000000, 0x0000000743480000, 0x0000000795580000)
  object space 53760K, 20% used [0x0000000740000000,0x0000000740a9ce88,0x0000000743480000)
 Metaspace       used 20474K, capacity 21160K, committed 21248K, reserved 1067008K
  class space    used 2809K, capacity 3009K, committed 3072K, reserved 1048576K
}
Event: 97.466 GC heap before
{Heap before GC invocations=4 (full 1):
 PSYoungGen      total 38400K, used 32138K [0x0000000795580000, 0x0000000798000000, 0x00000007c0000000)
  eden space 33280K, 96% used [0x0000000795580000,0x00000007974e29c8,0x0000000797600000)
  from space 5120K, 0% used [0x0000000797b00000,0x0000000797b00000,0x0000000798000000)
  to   space 5120K, 0% used [0x0000000797600000,0x0000000797600000,0x0000000797b00000)
 ParOldGen       total 53760K, used 14399K [0x0000000740000000, 0x0000000743480000, 0x0000000795580000)
  object space 53760K, 26% used [0x0000000740000000,0x0000000740e0fe88,0x0000000743480000)
 Metaspace       used 24708K, capacity 25750K, committed 25856K, reserved 1071104K
  class space    used 3529K, capacity 3802K, committed 3840K, reserved 1048576K
Event: 97.476 GC heap after
Heap after GC invocations=4 (full 1):
 PSYoungGen      total 38400K, used 5104K [0x0000000795580000, 0x0000000798000000, 0x00000007c0000000)
  eden space 33280K, 0% used [0x0000000795580000,0x0000000795580000,0x0000000797600000)
  from space 5120K, 99% used [0x0000000797600000,0x0000000797afc100,0x0000000797b00000)
  to   space 5120K, 0% used [0x0000000797b00000,0x0000000797b00000,0x0000000798000000)
 ParOldGen       total 53760K, used 30262K [0x0000000740000000, 0x0000000743480000, 0x0000000795580000)
  object space 53760K, 56% used [0x0000000740000000,0x0000000741d8dae8,0x0000000743480000)
 Metaspace       used 24708K, capacity 25750K, committed 25856K, reserved 1071104K
  class space    used 3529K, capacity 3802K, committed 3840K, reserved 1048576K
}

