# JRE version: Java(TM) SE Runtime Environment (8.0_101-b13) (build 1.8.0_101-b13)
# Java VM: Java HotSpot(TM) 64-Bit Server VM (25.101-b13 mixed mode bsd-amd64 compressed oops)
Heap:
 PSYoungGen      total 38400K, used 13019K [0x000000016fd80000, 0x0000000172800000, 0x000000019a800000)
  eden space 33280K, 39% used [0x000000016fd80000,0x0000000170a36eb8,0x0000000171e00000)
  from space 5120K, 0% used [0x0000000172300000,0x0000000172300000,0x0000000172800000)
  to   space 5120K, 0% used [0x0000000171e00000,0x0000000171e00000,0x0000000172300000)
 ParOldGen       total 74752K, used 10903K [0x000000011a800000, 0x000000011f100000, 0x000000016fd80000)
  object space 74752K, 14% used [0x000000011a800000,0x000000011b2a5d20,0x000000011f100000)
 Metaspace       used 24369K, capacity 25352K, committed 25600K, reserved 1071104K
  class space    used 3513K, capacity 3759K, committed 3840K, reserved 1048576K
GC Heap History (6 events):
Event: 1.488 GC heap before
{Heap before GC invocations=1 (full 0):
 PSYoungGen      total 38400K, used 33280K [0x000000016fd80000, 0x0000000172800000, 0x000000019a800000)
  eden space 33280K, 100% used [0x000000016fd80000,0x0000000171e00000,0x0000000171e00000)
  from space 5120K, 0% used [0x0000000172300000,0x0000000172300000,0x0000000172800000)
  to   space 5120K, 0% used [0x0000000171e00000,0x0000000171e00000,0x0000000172300000)
 ParOldGen       total 87552K, used 0K [0x000000011a800000, 0x000000011fd80000, 0x000000016fd80000)
  object space 87552K, 0% used [0x000000011a800000,0x000000011a800000,0x000000011fd80000)
 Metaspace       used 18800K, capacity 19438K, committed 19712K, reserved 1067008K
  class space    used 2548K, capacity 2728K, committed 2816K, reserved 1048576K
Event: 1.495 GC heap after
Heap after GC invocations=1 (full 0):
 PSYoungGen      total 38400K, used 5098K [0x000000016fd80000, 0x0000000172800000, 0x000000019a800000)
  eden space 33280K, 0% used [0x000000016fd80000,0x000000016fd80000,0x0000000171e00000)
  from space 5120K, 99% used [0x0000000171e00000,0x00000001722fabd0,0x0000000172300000)
  to   space 5120K, 0% used [0x0000000172300000,0x0000000172300000,0x0000000172800000)
 ParOldGen       total 87552K, used 153K [0x000000011a800000, 0x000000011fd80000, 0x000000016fd80000)
  object space 87552K, 0% used [0x000000011a800000,0x000000011a826458,0x000000011fd80000)
 Metaspace       used 18800K, capacity 19438K, committed 19712K, reserved 1067008K
  class space    used 2548K, capacity 2728K, committed 2816K, reserved 1048576K
}
Event: 2.920 GC heap before
{Heap before GC invocations=2 (full 0):
 PSYoungGen      total 38400K, used 15845K [0x000000016fd80000, 0x0000000172800000, 0x000000019a800000)
  eden space 33280K, 32% used [0x000000016fd80000,0x00000001707fe950,0x0000000171e00000)
  from space 5120K, 99% used [0x0000000171e00000,0x00000001722fabd0,0x0000000172300000)
  to   space 5120K, 0% used [0x0000000172300000,0x0000000172300000,0x0000000172800000)
 ParOldGen       total 87552K, used 153K [0x000000011a800000, 0x000000011fd80000, 0x000000016fd80000)
  object space 87552K, 0% used [0x000000011a800000,0x000000011a826458,0x000000011fd80000)
 Metaspace       used 20505K, capacity 21176K, committed 21248K, reserved 1067008K
  class space    used 2814K, capacity 3011K, committed 3072K, reserved 1048576K
Event: 2.929 GC heap after
Heap after GC invocations=2 (full 0):
 PSYoungGen      total 38400K, used 5118K [0x000000016fd80000, 0x0000000172800000, 0x000000019a800000)
  eden space 33280K, 0% used [0x000000016fd80000,0x000000016fd80000,0x0000000171e00000)
  from space 5120K, 99% used [0x0000000172300000,0x00000001727ff970,0x0000000172800000)
  to   space 5120K, 0% used [0x0000000171e00000,0x0000000171e00000,0x0000000172300000)
 ParOldGen       total 87552K, used 7863K [0x000000011a800000, 0x000000011fd80000, 0x000000016fd80000)
  object space 87552K, 8% used [0x000000011a800000,0x000000011afadcb0,0x000000011fd80000)
 Metaspace       used 20505K, capacity 21176K, committed 21248K, reserved 1067008K
  class space    used 2814K, capacity 3011K, committed 3072K, reserved 1048576K
}
Event: 2.929 GC heap before
{Heap before GC invocations=3 (full 1):
 PSYoungGen      total 38400K, used 5118K [0x000000016fd80000, 0x0000000172800000, 0x000000019a800000)
  eden space 33280K, 0% used [0x000000016fd80000,0x000000016fd80000,0x0000000171e00000)
  from space 5120K, 99% used [0x0000000172300000,0x00000001727ff970,0x0000000172800000)
  to   space 5120K, 0% used [0x0000000171e00000,0x0000000171e00000,0x0000000172300000)
 ParOldGen       total 87552K, used 7863K [0x000000011a800000, 0x000000011fd80000, 0x000000016fd80000)
  object space 87552K, 8% used [0x000000011a800000,0x000000011afadcb0,0x000000011fd80000)
 Metaspace       used 20505K, capacity 21176K, committed 21248K, reserved 1067008K
  class space    used 2814K, capacity 3011K, committed 3072K, reserved 1048576K
Event: 2.953 GC heap after
Heap after GC invocations=3 (full 1):
 PSYoungGen      total 38400K, used 0K [0x000000016fd80000, 0x0000000172800000, 0x000000019a800000)
  eden space 33280K, 0% used [0x000000016fd80000,0x000000016fd80000,0x0000000171e00000)
  from space 5120K, 0% used [0x0000000172300000,0x0000000172300000,0x0000000172800000)
  to   space 5120K, 0% used [0x0000000171e00000,0x0000000171e00000,0x0000000172300000)
 ParOldGen       total 74752K, used 10903K [0x000000011a800000, 0x000000011f100000, 0x000000016fd80000)
  object space 74752K, 14% used [0x000000011a800000,0x000000011b2a5d20,0x000000011f100000)
 Metaspace       used 20505K, capacity 21176K, committed 21248K, reserved 1067008K
  class space    used 2814K, capacity 3011K, committed 3072K, reserved 1048576K
}

